Flow report for Home_Security
Wed Apr 08 10:03:55 2015
Quartus II 64-Bit Version 13.0.1 Build 232 06/12/2013 Service Pack 1 SJ Web Edition


---------------------
; Table of Contents ;
---------------------
  1. Legal Notice
  2. Flow Summary
  3. Flow Settings
  4. Flow Non-Default Global Settings
  5. Flow Elapsed Time
  6. Flow OS Summary
  7. Flow Log
  8. Flow Messages
  9. Flow Suppressed Messages



----------------
; Legal Notice ;
----------------
Copyright (C) 1991-2013 Altera Corporation
Your use of Altera Corporation's design tools, logic functions 
and other software and tools, and its AMPP partner logic 
functions, and any output files from any of the foregoing 
(including device programming or simulation files), and any 
associated documentation or information are expressly subject 
to the terms and conditions of the Altera Program License 
Subscription Agreement, Altera MegaCore Function License 
Agreement, or other applicable license agreement, including, 
without limitation, that your use is for the sole purpose of 
programming logic devices manufactured by Altera and sold by 
Altera or its authorized distributors.  Please refer to the 
applicable agreement for further details.



+--------------------------------------------------------------------------------------+
; Flow Summary                                                                         ;
+------------------------------------+-------------------------------------------------+
; Flow Status                        ; Successful - Wed Apr 08 10:03:50 2015           ;
; Quartus II 64-Bit Version          ; 13.0.1 Build 232 06/12/2013 SP 1 SJ Web Edition ;
; Revision Name                      ; Home_Security                                   ;
; Top-level Entity Name              ; Home_Security                                   ;
; Family                             ; Cyclone II                                      ;
; Device                             ; EP2C35F672C6                                    ;
; Timing Models                      ; Final                                           ;
; Total logic elements               ; 7,511 / 33,216 ( 23 % )                         ;
;     Total combinational functions  ; 6,758 / 33,216 ( 20 % )                         ;
;     Dedicated logic registers      ; 4,822 / 33,216 ( 15 % )                         ;
; Total registers                    ; 4890                                            ;
; Total pins                         ; 261 / 475 ( 55 % )                              ;
; Total virtual pins                 ; 0                                               ;
; Total memory bits                  ; 89,728 / 483,840 ( 19 % )                       ;
; Embedded Multiplier 9-bit elements ; 14 / 70 ( 20 % )                                ;
; Total PLLs                         ; 1 / 4 ( 25 % )                                  ;
+------------------------------------+-------------------------------------------------+


+-----------------------------------------+
; Flow Settings                           ;
+-------------------+---------------------+
; Option            ; Setting             ;
+-------------------+---------------------+
; Start date & time ; 04/08/2015 10:02:04 ;
; Main task         ; Compilation         ;
; Revision Name     ; Home_Security       ;
+-------------------+---------------------+


+------------------------------------------------------------------------------------------------------------------------------------------------------------------+
; Flow Non-Default Global Settings                                                                                                                                 ;
+-------------------------------------+-------------------------------------------------------------+---------------+---------------------------------+------------+
; Assignment Name                     ; Value                                                       ; Default Value ; Entity Name                     ; Section Id ;
+-------------------------------------+-------------------------------------------------------------+---------------+---------------------------------+------------+
; COMPILER_SIGNATURE_ID               ; 1096280203397.142851252424352                               ; --            ; --                              ; --         ;
; IP_TOOL_ENV                         ; Qsys                                                        ; --            ; altera_avalon_sc_fifo           ; --         ;
; IP_TOOL_ENV                         ; Qsys                                                        ; --            ; altera_merlin_burst_adapter     ; --         ;
; IP_TOOL_ENV                         ; Qsys                                                        ; --            ; altera_merlin_master_agent      ; --         ;
; IP_TOOL_ENV                         ; Qsys                                                        ; --            ; altera_merlin_master_translator ; --         ;
; IP_TOOL_ENV                         ; Qsys                                                        ; --            ; altera_merlin_slave_agent       ; --         ;
; IP_TOOL_ENV                         ; Qsys                                                        ; --            ; altera_merlin_slave_translator  ; --         ;
; IP_TOOL_ENV                         ; Qsys                                                        ; --            ; altera_merlin_traffic_limiter   ; --         ;
; IP_TOOL_ENV                         ; Qsys                                                        ; --            ; altera_merlin_width_adapter     ; --         ;
; IP_TOOL_ENV                         ; Qsys                                                        ; --            ; altera_reset_controller         ; --         ;
; IP_TOOL_ENV                         ; Qsys                                                        ; --            ; top_level                       ; --         ;
; IP_TOOL_ENV                         ; Qsys                                                        ; --            ; top_level_Button_3              ; --         ;
; IP_TOOL_ENV                         ; Qsys                                                        ; --            ; top_level_Frame_Save_DMA        ; --         ;
; IP_TOOL_ENV                         ; Qsys                                                        ; --            ; top_level_Keypad_Cols           ; --         ;
; IP_TOOL_ENV                         ; Qsys                                                        ; --            ; top_level_Keypad_Rows           ; --         ;
; IP_TOOL_ENV                         ; Qsys                                                        ; --            ; top_level_SDRAM                 ; --         ;
; IP_TOOL_ENV                         ; Qsys                                                        ; --            ; top_level_addr_router           ; --         ;
; IP_TOOL_ENV                         ; Qsys                                                        ; --            ; top_level_addr_router_001       ; --         ;
; IP_TOOL_ENV                         ; Qsys                                                        ; --            ; top_level_addr_router_002       ; --         ;
; IP_TOOL_ENV                         ; Qsys                                                        ; --            ; top_level_addr_router_005       ; --         ;
; IP_TOOL_ENV                         ; Qsys                                                        ; --            ; top_level_cmd_xbar_demux        ; --         ;
; IP_TOOL_ENV                         ; Qsys                                                        ; --            ; top_level_cmd_xbar_demux_001    ; --         ;
; IP_TOOL_ENV                         ; Qsys                                                        ; --            ; top_level_cmd_xbar_demux_002    ; --         ;
; IP_TOOL_ENV                         ; Qsys                                                        ; --            ; top_level_cmd_xbar_mux          ; --         ;
; IP_TOOL_ENV                         ; Qsys                                                        ; --            ; top_level_cmd_xbar_mux_001      ; --         ;
; IP_TOOL_ENV                         ; Qsys                                                        ; --            ; top_level_cmd_xbar_mux_005      ; --         ;
; IP_TOOL_ENV                         ; Qsys                                                        ; --            ; top_level_id_router             ; --         ;
; IP_TOOL_ENV                         ; Qsys                                                        ; --            ; top_level_id_router_001         ; --         ;
; IP_TOOL_ENV                         ; Qsys                                                        ; --            ; top_level_id_router_002         ; --         ;
; IP_TOOL_ENV                         ; Qsys                                                        ; --            ; top_level_id_router_005         ; --         ;
; IP_TOOL_ENV                         ; Qsys                                                        ; --            ; top_level_id_router_020         ; --         ;
; IP_TOOL_ENV                         ; Qsys                                                        ; --            ; top_level_irq_mapper            ; --         ;
; IP_TOOL_ENV                         ; Qsys                                                        ; --            ; top_level_jtag_uart_0           ; --         ;
; IP_TOOL_ENV                         ; Qsys                                                        ; --            ; top_level_nios2_qsys_0          ; --         ;
; IP_TOOL_ENV                         ; Qsys                                                        ; --            ; top_level_p_data                ; --         ;
; IP_TOOL_ENV                         ; Qsys                                                        ; --            ; top_level_p_input               ; --         ;
; IP_TOOL_ENV                         ; Qsys                                                        ; --            ; top_level_p_signal              ; --         ;
; IP_TOOL_ENV                         ; Qsys                                                        ; --            ; top_level_red_LED               ; --         ;
; IP_TOOL_ENV                         ; Qsys                                                        ; --            ; top_level_rsp_xbar_demux        ; --         ;
; IP_TOOL_ENV                         ; Qsys                                                        ; --            ; top_level_rsp_xbar_demux_001    ; --         ;
; IP_TOOL_ENV                         ; Qsys                                                        ; --            ; top_level_rsp_xbar_demux_002    ; --         ;
; IP_TOOL_ENV                         ; Qsys                                                        ; --            ; top_level_rsp_xbar_demux_005    ; --         ;
; IP_TOOL_ENV                         ; Qsys                                                        ; --            ; top_level_rsp_xbar_demux_020    ; --         ;
; IP_TOOL_ENV                         ; Qsys                                                        ; --            ; top_level_rsp_xbar_mux          ; --         ;
; IP_TOOL_ENV                         ; Qsys                                                        ; --            ; top_level_rsp_xbar_mux_001      ; --         ;
; IP_TOOL_ENV                         ; Qsys                                                        ; --            ; top_level_servo_controller      ; --         ;
; IP_TOOL_NAME                        ; altera_avalon_sc_fifo                                       ; --            ; altera_avalon_sc_fifo           ; --         ;
; IP_TOOL_NAME                        ; altera_merlin_burst_adapter                                 ; --            ; altera_merlin_burst_adapter     ; --         ;
; IP_TOOL_NAME                        ; altera_merlin_master_agent                                  ; --            ; altera_merlin_master_agent      ; --         ;
; IP_TOOL_NAME                        ; altera_merlin_master_translator                             ; --            ; altera_merlin_master_translator ; --         ;
; IP_TOOL_NAME                        ; altera_merlin_slave_agent                                   ; --            ; altera_merlin_slave_agent       ; --         ;
; IP_TOOL_NAME                        ; altera_merlin_slave_translator                              ; --            ; altera_merlin_slave_translator  ; --         ;
; IP_TOOL_NAME                        ; altera_merlin_traffic_limiter                               ; --            ; altera_merlin_traffic_limiter   ; --         ;
; IP_TOOL_NAME                        ; altera_merlin_width_adapter                                 ; --            ; altera_merlin_width_adapter     ; --         ;
; IP_TOOL_NAME                        ; altera_reset_controller                                     ; --            ; altera_reset_controller         ; --         ;
; IP_TOOL_NAME                        ; Qsys                                                        ; --            ; top_level                       ; --         ;
; IP_TOOL_NAME                        ; altera_avalon_pio                                           ; --            ; top_level_Button_3              ; --         ;
; IP_TOOL_NAME                        ; altera_avalon_dma                                           ; --            ; top_level_Frame_Save_DMA        ; --         ;
; IP_TOOL_NAME                        ; altera_avalon_pio                                           ; --            ; top_level_Keypad_Cols           ; --         ;
; IP_TOOL_NAME                        ; altera_avalon_pio                                           ; --            ; top_level_Keypad_Rows           ; --         ;
; IP_TOOL_NAME                        ; altera_avalon_new_sdram_controller                          ; --            ; top_level_SDRAM                 ; --         ;
; IP_TOOL_NAME                        ; altera_merlin_router                                        ; --            ; top_level_addr_router           ; --         ;
; IP_TOOL_NAME                        ; altera_merlin_router                                        ; --            ; top_level_addr_router_001       ; --         ;
; IP_TOOL_NAME                        ; altera_merlin_router                                        ; --            ; top_level_addr_router_002       ; --         ;
; IP_TOOL_NAME                        ; altera_merlin_router                                        ; --            ; top_level_addr_router_005       ; --         ;
; IP_TOOL_NAME                        ; altera_merlin_demultiplexer                                 ; --            ; top_level_cmd_xbar_demux        ; --         ;
; IP_TOOL_NAME                        ; altera_merlin_demultiplexer                                 ; --            ; top_level_cmd_xbar_demux_001    ; --         ;
; IP_TOOL_NAME                        ; altera_merlin_demultiplexer                                 ; --            ; top_level_cmd_xbar_demux_002    ; --         ;
; IP_TOOL_NAME                        ; altera_merlin_multiplexer                                   ; --            ; top_level_cmd_xbar_mux          ; --         ;
; IP_TOOL_NAME                        ; altera_merlin_multiplexer                                   ; --            ; top_level_cmd_xbar_mux_001      ; --         ;
; IP_TOOL_NAME                        ; altera_merlin_multiplexer                                   ; --            ; top_level_cmd_xbar_mux_005      ; --         ;
; IP_TOOL_NAME                        ; altera_merlin_router                                        ; --            ; top_level_id_router             ; --         ;
; IP_TOOL_NAME                        ; altera_merlin_router                                        ; --            ; top_level_id_router_001         ; --         ;
; IP_TOOL_NAME                        ; altera_merlin_router                                        ; --            ; top_level_id_router_002         ; --         ;
; IP_TOOL_NAME                        ; altera_merlin_router                                        ; --            ; top_level_id_router_005         ; --         ;
; IP_TOOL_NAME                        ; altera_merlin_router                                        ; --            ; top_level_id_router_020         ; --         ;
; IP_TOOL_NAME                        ; altera_irq_mapper                                           ; --            ; top_level_irq_mapper            ; --         ;
; IP_TOOL_NAME                        ; altera_avalon_jtag_uart                                     ; --            ; top_level_jtag_uart_0           ; --         ;
; IP_TOOL_NAME                        ; altera_nios2_qsys                                           ; --            ; top_level_nios2_qsys_0          ; --         ;
; IP_TOOL_NAME                        ; altera_avalon_pio                                           ; --            ; top_level_p_data                ; --         ;
; IP_TOOL_NAME                        ; altera_avalon_pio                                           ; --            ; top_level_p_input               ; --         ;
; IP_TOOL_NAME                        ; altera_avalon_pio                                           ; --            ; top_level_p_signal              ; --         ;
; IP_TOOL_NAME                        ; altera_avalon_pio                                           ; --            ; top_level_red_LED               ; --         ;
; IP_TOOL_NAME                        ; altera_merlin_demultiplexer                                 ; --            ; top_level_rsp_xbar_demux        ; --         ;
; IP_TOOL_NAME                        ; altera_merlin_demultiplexer                                 ; --            ; top_level_rsp_xbar_demux_001    ; --         ;
; IP_TOOL_NAME                        ; altera_merlin_demultiplexer                                 ; --            ; top_level_rsp_xbar_demux_002    ; --         ;
; IP_TOOL_NAME                        ; altera_merlin_demultiplexer                                 ; --            ; top_level_rsp_xbar_demux_005    ; --         ;
; IP_TOOL_NAME                        ; altera_merlin_demultiplexer                                 ; --            ; top_level_rsp_xbar_demux_020    ; --         ;
; IP_TOOL_NAME                        ; altera_merlin_multiplexer                                   ; --            ; top_level_rsp_xbar_mux          ; --         ;
; IP_TOOL_NAME                        ; altera_merlin_multiplexer                                   ; --            ; top_level_rsp_xbar_mux_001      ; --         ;
; IP_TOOL_NAME                        ; altera_avalon_pio                                           ; --            ; top_level_servo_controller      ; --         ;
; IP_TOOL_VERSION                     ; 13.0                                                        ; --            ; altera_avalon_sc_fifo           ; --         ;
; IP_TOOL_VERSION                     ; 13.0                                                        ; --            ; altera_merlin_burst_adapter     ; --         ;
; IP_TOOL_VERSION                     ; 13.0                                                        ; --            ; altera_merlin_master_agent      ; --         ;
; IP_TOOL_VERSION                     ; 13.0                                                        ; --            ; altera_merlin_master_translator ; --         ;
; IP_TOOL_VERSION                     ; 13.0                                                        ; --            ; altera_merlin_slave_agent       ; --         ;
; IP_TOOL_VERSION                     ; 13.0                                                        ; --            ; altera_merlin_slave_translator  ; --         ;
; IP_TOOL_VERSION                     ; 13.0                                                        ; --            ; altera_merlin_traffic_limiter   ; --         ;
; IP_TOOL_VERSION                     ; 13.0                                                        ; --            ; altera_merlin_width_adapter     ; --         ;
; IP_TOOL_VERSION                     ; 13.0                                                        ; --            ; altera_reset_controller         ; --         ;
; IP_TOOL_VERSION                     ; 13.0sp1                                                     ; --            ; top_level                       ; --         ;
; IP_TOOL_VERSION                     ; 13.0.1.99.2                                                 ; --            ; top_level_Button_3              ; --         ;
; IP_TOOL_VERSION                     ; 13.0.1.99.2                                                 ; --            ; top_level_Frame_Save_DMA        ; --         ;
; IP_TOOL_VERSION                     ; 13.0.1.99.2                                                 ; --            ; top_level_Keypad_Cols           ; --         ;
; IP_TOOL_VERSION                     ; 13.0.1.99.2                                                 ; --            ; top_level_Keypad_Rows           ; --         ;
; IP_TOOL_VERSION                     ; 13.0.1.99.2                                                 ; --            ; top_level_SDRAM                 ; --         ;
; IP_TOOL_VERSION                     ; 13.0                                                        ; --            ; top_level_addr_router           ; --         ;
; IP_TOOL_VERSION                     ; 13.0                                                        ; --            ; top_level_addr_router_001       ; --         ;
; IP_TOOL_VERSION                     ; 13.0                                                        ; --            ; top_level_addr_router_002       ; --         ;
; IP_TOOL_VERSION                     ; 13.0                                                        ; --            ; top_level_addr_router_005       ; --         ;
; IP_TOOL_VERSION                     ; 13.0                                                        ; --            ; top_level_cmd_xbar_demux        ; --         ;
; IP_TOOL_VERSION                     ; 13.0                                                        ; --            ; top_level_cmd_xbar_demux_001    ; --         ;
; IP_TOOL_VERSION                     ; 13.0                                                        ; --            ; top_level_cmd_xbar_demux_002    ; --         ;
; IP_TOOL_VERSION                     ; 13.0                                                        ; --            ; top_level_cmd_xbar_mux          ; --         ;
; IP_TOOL_VERSION                     ; 13.0                                                        ; --            ; top_level_cmd_xbar_mux_001      ; --         ;
; IP_TOOL_VERSION                     ; 13.0                                                        ; --            ; top_level_cmd_xbar_mux_005      ; --         ;
; IP_TOOL_VERSION                     ; 13.0                                                        ; --            ; top_level_id_router             ; --         ;
; IP_TOOL_VERSION                     ; 13.0                                                        ; --            ; top_level_id_router_001         ; --         ;
; IP_TOOL_VERSION                     ; 13.0                                                        ; --            ; top_level_id_router_002         ; --         ;
; IP_TOOL_VERSION                     ; 13.0                                                        ; --            ; top_level_id_router_005         ; --         ;
; IP_TOOL_VERSION                     ; 13.0                                                        ; --            ; top_level_id_router_020         ; --         ;
; IP_TOOL_VERSION                     ; 13.0                                                        ; --            ; top_level_irq_mapper            ; --         ;
; IP_TOOL_VERSION                     ; 13.0.1.99.2                                                 ; --            ; top_level_jtag_uart_0           ; --         ;
; IP_TOOL_VERSION                     ; 13.0                                                        ; --            ; top_level_nios2_qsys_0          ; --         ;
; IP_TOOL_VERSION                     ; 13.0.1.99.2                                                 ; --            ; top_level_p_data                ; --         ;
; IP_TOOL_VERSION                     ; 13.0.1.99.2                                                 ; --            ; top_level_p_input               ; --         ;
; IP_TOOL_VERSION                     ; 13.0.1.99.2                                                 ; --            ; top_level_p_signal              ; --         ;
; IP_TOOL_VERSION                     ; 13.0.1.99.2                                                 ; --            ; top_level_red_LED               ; --         ;
; IP_TOOL_VERSION                     ; 13.0                                                        ; --            ; top_level_rsp_xbar_demux        ; --         ;
; IP_TOOL_VERSION                     ; 13.0                                                        ; --            ; top_level_rsp_xbar_demux_001    ; --         ;
; IP_TOOL_VERSION                     ; 13.0                                                        ; --            ; top_level_rsp_xbar_demux_002    ; --         ;
; IP_TOOL_VERSION                     ; 13.0                                                        ; --            ; top_level_rsp_xbar_demux_005    ; --         ;
; IP_TOOL_VERSION                     ; 13.0                                                        ; --            ; top_level_rsp_xbar_demux_020    ; --         ;
; IP_TOOL_VERSION                     ; 13.0                                                        ; --            ; top_level_rsp_xbar_mux          ; --         ;
; IP_TOOL_VERSION                     ; 13.0                                                        ; --            ; top_level_rsp_xbar_mux_001      ; --         ;
; IP_TOOL_VERSION                     ; 13.0.1.99.2                                                 ; --            ; top_level_servo_controller      ; --         ;
; MAX_CORE_JUNCTION_TEMP              ; 85                                                          ; --            ; --                              ; --         ;
; MIN_CORE_JUNCTION_TEMP              ; 0                                                           ; --            ; --                              ; --         ;
; MISC_FILE                           ; top_level/synthesis/../../top_level.cmp                     ; --            ; --                              ; --         ;
; MISC_FILE                           ; top_level/synthesis/../../top_level.qsys                    ; --            ; --                              ; --         ;
; PARTITION_COLOR                     ; 16764057                                                    ; --            ; --                              ; Top        ;
; PARTITION_FITTER_PRESERVATION_LEVEL ; PLACEMENT_AND_ROUTING                                       ; --            ; --                              ; Top        ;
; PARTITION_NETLIST_TYPE              ; SOURCE                                                      ; --            ; --                              ; Top        ;
; POWER_BOARD_THERMAL_MODEL           ; None (CONSERVATIVE)                                         ; --            ; --                              ; --         ;
; POWER_PRESET_COOLING_SOLUTION       ; 23 MM HEAT SINK WITH 200 LFPM AIRFLOW                       ; --            ; --                              ; --         ;
; PROJECT_OUTPUT_DIRECTORY            ; output_files                                                ; --            ; --                              ; --         ;
; SLD_INFO                            ; QSYS_NAME top_level HAS_SOPCINFO 1 GENERATION_ID 1428512479 ; --            ; top_level                       ; --         ;
; SOPCINFO_FILE                       ; top_level/synthesis/../../top_level.sopcinfo                ; --            ; --                              ; --         ;
; SYNTHESIS_ONLY_QIP                  ; On                                                          ; --            ; --                              ; --         ;
+-------------------------------------+-------------------------------------------------------------+---------------+---------------------------------+------------+


+-------------------------------------------------------------------------------------------------------------------------------+
; Flow Elapsed Time                                                                                                             ;
+---------------------------+--------------+-------------------------+---------------------+------------------------------------+
; Module Name               ; Elapsed Time ; Average Processors Used ; Peak Virtual Memory ; Total CPU Time (on all processors) ;
+---------------------------+--------------+-------------------------+---------------------+------------------------------------+
; Analysis & Synthesis      ; 00:00:54     ; 1.0                     ; 747 MB              ; 00:00:53                           ;
; Fitter                    ; 00:00:39     ; 1.0                     ; 789 MB              ; 00:00:38                           ;
; Assembler                 ; 00:00:03     ; 1.0                     ; 460 MB              ; 00:00:03                           ;
; TimeQuest Timing Analyzer ; 00:00:03     ; 1.0                     ; 505 MB              ; 00:00:03                           ;
; Total                     ; 00:01:39     ; --                      ; --                  ; 00:01:37                           ;
+---------------------------+--------------+-------------------------+---------------------+------------------------------------+


+----------------------------------------------------------------------------------------+
; Flow OS Summary                                                                        ;
+---------------------------+------------------+-----------+------------+----------------+
; Module Name               ; Machine Hostname ; OS Name   ; OS Version ; Processor type ;
+---------------------------+------------------+-----------+------------+----------------+
; Analysis & Synthesis      ; Alec-PC          ; Windows 7 ; 6.2        ; x86_64         ;
; Fitter                    ; Alec-PC          ; Windows 7 ; 6.2        ; x86_64         ;
; Assembler                 ; Alec-PC          ; Windows 7 ; 6.2        ; x86_64         ;
; TimeQuest Timing Analyzer ; Alec-PC          ; Windows 7 ; 6.2        ; x86_64         ;
+---------------------------+------------------+-----------+------------+----------------+


------------
; Flow Log ;
------------
quartus_map --read_settings_files=on --write_settings_files=off Home_Security -c Home_Security
quartus_fit --read_settings_files=off --write_settings_files=off Home_Security -c Home_Security
quartus_asm --read_settings_files=off --write_settings_files=off Home_Security -c Home_Security
quartus_sta Home_Security -c Home_Security



